[2024-06-01 19:06:13,639: INFO: main: Welcome tp custom logging]
[2024-06-01 19:48:45,779: INFO: common: yaml file: config\config.yaml loaded successfully]
[2024-06-01 19:50:08,531: INFO: common: yaml file: config\config.yaml loaded successfully]
[2024-06-01 19:50:45,189: INFO: common: yaml file: config\config.yaml loaded successfully]
[2024-06-01 19:52:40,716: INFO: common: yaml file: config\config.yaml loaded successfully]
[2024-06-01 19:53:08,819: INFO: common: yaml file: config\config.yaml loaded successfully]
[2024-06-01 19:53:08,819: INFO: common: yaml file: params.yaml loaded successfully]
[2024-06-01 19:54:00,560: INFO: common: yaml file: config\config.yaml loaded successfully]
[2024-06-01 19:54:00,563: INFO: common: yaml file: params.yaml loaded successfully]
[2024-06-01 19:54:19,418: INFO: common: yaml file: config\config.yaml loaded successfully]
[2024-06-01 19:54:19,423: INFO: common: yaml file: params.yaml loaded successfully]
[2024-06-01 19:54:19,426: INFO: common: yaml file: schema.yaml loaded successfully]
[2024-06-01 19:54:19,427: INFO: common: created directory at: artifacts]
[2024-06-01 19:54:19,429: INFO: common: created directory at: artifacts/data_ingestion]
[2024-06-01 20:00:12,870: INFO: common: yaml file: config\config.yaml loaded successfully]
[2024-06-01 20:00:12,870: INFO: common: yaml file: params.yaml loaded successfully]
[2024-06-01 20:00:12,870: INFO: common: yaml file: schema.yaml loaded successfully]
[2024-06-01 20:00:12,870: INFO: common: created directory at: artifacts]
[2024-06-01 20:00:12,870: INFO: common: created directory at: artifacts/data_ingestion]
[2024-06-01 20:00:13,750: INFO: 2280763589: artifacts/data_ingestion/data.zip download! with following info: 
Connection: close
Content-Length: 23329
Cache-Control: max-age=300
Content-Security-Policy: default-src 'none'; style-src 'unsafe-inline'; sandbox
Content-Type: application/zip
ETag: "c69888a4ae59bc5a893392785a938ccd4937981c06ba8a9d6a21aa52b4ab5b6e"
Strict-Transport-Security: max-age=31536000
X-Content-Type-Options: nosniff
X-Frame-Options: deny
X-XSS-Protection: 1; mode=block
X-GitHub-Request-Id: AD2E:5CD69:42E51:5888D:665B3074
Accept-Ranges: bytes
Date: Sat, 01 Jun 2024 14:30:13 GMT
Via: 1.1 varnish
X-Served-By: cache-del21727-DEL
X-Cache: MISS
X-Cache-Hits: 0
X-Timer: S1717252213.052028,VS0,VE272
Vary: Authorization,Accept-Encoding,Origin
Access-Control-Allow-Origin: *
Cross-Origin-Resource-Policy: cross-origin
X-Fastly-Request-ID: 24734e4b466fa2220c11aa57add646ffac2ddabc
Expires: Sat, 01 Jun 2024 14:35:13 GMT
Source-Age: 0

]
[2024-06-01 20:24:36,485: INFO: main: >>>>>> stage Data Ingestion stage started <<<<<<]
[2024-06-01 20:24:36,486: INFO: common: yaml file: config\config.yaml loaded successfully]
[2024-06-01 20:24:36,488: INFO: common: yaml file: params.yaml loaded successfully]
[2024-06-01 20:24:36,489: INFO: common: yaml file: schema.yaml loaded successfully]
[2024-06-01 20:24:36,489: INFO: common: created directory at: artifacts]
[2024-06-01 20:24:36,490: INFO: common: created directory at: artifacts/data_ingestion]
[2024-06-01 20:24:37,436: INFO: data_ingestion: artifacts/data_ingestion/data.zip download! with following info: 
Connection: close
Content-Length: 23329
Cache-Control: max-age=300
Content-Security-Policy: default-src 'none'; style-src 'unsafe-inline'; sandbox
Content-Type: application/zip
ETag: "c69888a4ae59bc5a893392785a938ccd4937981c06ba8a9d6a21aa52b4ab5b6e"
Strict-Transport-Security: max-age=31536000
X-Content-Type-Options: nosniff
X-Frame-Options: deny
X-XSS-Protection: 1; mode=block
X-GitHub-Request-Id: AD2E:5CD69:42E51:5888D:665B3074
Accept-Ranges: bytes
Date: Sat, 01 Jun 2024 14:54:37 GMT
Via: 1.1 varnish
X-Served-By: cache-del21726-DEL
X-Cache: HIT
X-Cache-Hits: 0
X-Timer: S1717253677.706946,VS0,VE305
Vary: Authorization,Accept-Encoding,Origin
Access-Control-Allow-Origin: *
Cross-Origin-Resource-Policy: cross-origin
X-Fastly-Request-ID: bf9d856dec6c322e2db90af0f4c99946b2f6e626
Expires: Sat, 01 Jun 2024 14:59:37 GMT
Source-Age: 0

]
[2024-06-01 20:24:37,440: INFO: main: >>>>>> stage Data Ingestion stage completed <<<<<<

x==========x]
[2024-06-01 20:27:32,554: INFO: main: >>>>>> stage Data Ingestion stage started <<<<<<]
[2024-06-01 20:27:32,570: INFO: common: yaml file: config\config.yaml loaded successfully]
[2024-06-01 20:27:32,570: INFO: common: yaml file: params.yaml loaded successfully]
[2024-06-01 20:27:32,570: INFO: common: yaml file: schema.yaml loaded successfully]
[2024-06-01 20:27:32,570: INFO: common: created directory at: artifacts]
[2024-06-01 20:27:32,570: INFO: common: created directory at: artifacts/data_ingestion]
[2024-06-01 20:27:33,289: INFO: data_ingestion: artifacts/data_ingestion/data.zip download! with following info: 
Connection: close
Content-Length: 23329
Cache-Control: max-age=300
Content-Security-Policy: default-src 'none'; style-src 'unsafe-inline'; sandbox
Content-Type: application/zip
ETag: "c69888a4ae59bc5a893392785a938ccd4937981c06ba8a9d6a21aa52b4ab5b6e"
Strict-Transport-Security: max-age=31536000
X-Content-Type-Options: nosniff
X-Frame-Options: deny
X-XSS-Protection: 1; mode=block
X-GitHub-Request-Id: AD2E:5CD69:42E51:5888D:665B3074
Accept-Ranges: bytes
Date: Sat, 01 Jun 2024 14:57:32 GMT
Via: 1.1 varnish
X-Served-By: cache-del21741-DEL
X-Cache: HIT
X-Cache-Hits: 0
X-Timer: S1717253853.765972,VS0,VE1
Vary: Authorization,Accept-Encoding,Origin
Access-Control-Allow-Origin: *
Cross-Origin-Resource-Policy: cross-origin
X-Fastly-Request-ID: 8d0c95ae71a490f83ad30da0f8cf9013c22a9b16
Expires: Sat, 01 Jun 2024 15:02:32 GMT
Source-Age: 176

]
[2024-06-01 20:27:33,289: INFO: main: >>>>>> stage Data Ingestion stage completed <<<<<<

x==========x]
